<?xml version="1.0" encoding="UTF-8"?>
<testng-results ignored="0" total="1" passed="1" failed="0" skipped="0">
  <reporter-output>
  </reporter-output>
  <suite started-at="2023-11-09T18:19:23 IST" name="Default suite" finished-at="2023-11-09T18:19:28 IST" duration-ms="5709">
    <groups>
    </groups>
    <test started-at="2023-11-09T18:19:23 IST" name="Default test" finished-at="2023-11-09T18:19:28 IST" duration-ms="5709">
      <class name="org.sasiguides.restapis.Demo">
        <test-method signature="deleteActivity()[pri:0, instance:org.sasiguides.restapis.Demo@1d9b7cce]" started-at="2023-11-09T18:19:23 IST" name="deleteActivity" finished-at="2023-11-09T18:19:28 IST" duration-ms="5626" status="PASS">
          <reporter-output>
          </reporter-output>
        </test-method> <!-- deleteActivity -->
      </class> <!-- org.sasiguides.restapis.Demo -->
    </test> <!-- Default test -->
  </suite> <!-- Default suite -->
</testng-results>
