<?xml version="1.0" encoding="UTF-8"?>
<!-- Generated by org.testng.reporters.JUnitXMLReporter -->
<testsuite ignored="4" hostname="Sasikumar" failures="0" tests="1" name="Default test" time="5.709" errors="0" timestamp="2023-11-09T18:19:28 IST">
  <testcase classname="org.sasiguides.restapis.Demo" name="deleteActivity" time="5.626"/>
  <testcase classname="org.sasiguides.restapis.Demo" name="ActivitesGetById" time="0.0">
    <ignored/>
  </testcase> <!-- ActivitesGetById -->
  <testcase classname="org.sasiguides.restapis.Demo" name="updateActivity" time="0.0">
    <ignored/>
  </testcase> <!-- updateActivity -->
  <testcase classname="org.sasiguides.restapis.Demo" name="ActivitiesGet" time="0.0">
    <ignored/>
  </testcase> <!-- ActivitiesGet -->
  <testcase classname="org.sasiguides.restapis.Demo" name="postActivity" time="0.0">
    <ignored/>
  </testcase> <!-- postActivity -->
</testsuite> <!-- Default test -->
